2026-07-23 16:28:02,580 INFO o.a.j.u.JMeterUtils: Setting Locale to en_EN
2026-07-23 16:28:02,693 INFO o.a.j.JMeter: Loading user properties from: D:\apache-jmeter-5.6.3\bin\user.properties
2026-07-23 16:28:02,694 INFO o.a.j.JMeter: Loading system properties from: D:\apache-jmeter-5.6.3\bin\system.properties
2026-07-23 16:28:02,715 INFO o.a.j.JMeter: Copyright (c) 1998-2024 The Apache Software Foundation
2026-07-23 16:28:02,715 INFO o.a.j.JMeter: Version 5.6.3
2026-07-23 16:28:02,715 INFO o.a.j.JMeter: java.version=20.0.2
2026-07-23 16:28:02,715 INFO o.a.j.JMeter: java.vm.name=Java HotSpot(TM) 64-Bit Server VM
2026-07-23 16:28:02,715 INFO o.a.j.JMeter: os.name=Windows 10
2026-07-23 16:28:02,715 INFO o.a.j.JMeter: os.arch=amd64
2026-07-23 16:28:02,715 INFO o.a.j.JMeter: os.version=10.0
2026-07-23 16:28:02,715 INFO o.a.j.JMeter: file.encoding=UTF-8
2026-07-23 16:28:02,715 INFO o.a.j.JMeter: java.awt.headless=null
2026-07-23 16:28:02,715 INFO o.a.j.JMeter: Max memory     =1073741824
2026-07-23 16:28:02,715 INFO o.a.j.JMeter: Available Processors =4
2026-07-23 16:28:02,746 INFO o.a.j.JMeter: Default Locale=English (EN)
2026-07-23 16:28:02,746 INFO o.a.j.JMeter: JMeter  Locale=English (EN)
2026-07-23 16:28:02,746 INFO o.a.j.JMeter: JMeterHome=D:\apache-jmeter-5.6.3
2026-07-23 16:28:02,746 INFO o.a.j.JMeter: user.dir  =E:\winsor\winsorbrand
2026-07-23 16:28:02,746 INFO o.a.j.JMeter: PWD       =E:\winsor\winsorbrand
2026-07-23 16:28:02,746 INFO o.a.j.JMeter: IP: 192.168.61.2 Name: Nexasoft FullName: Nexasoft
2026-07-23 16:28:02,951 INFO o.a.j.JMeter: Loaded icon properties from org/apache/jmeter/images/icon.properties
2026-07-23 16:28:03,666 INFO o.a.j.JMeterGuiLauncher: Setting LAF to: com.github.weisj.darklaf.DarkLaf:com.github.weisj.darklaf.theme.DarculaTheme
